<?xml version="1.0" encoding="UTF-8"?>
<!-- Generated by org.testng.reporters.JUnitXMLReporter -->
<testsuite hostname="Svetla" ignored="0" name="All tests" tests="2" failures="2" timestamp="2021-11-26T18:48:02 MSK" time="34.828" errors="0">
  <testcase name="verifyMatchingOfBrowserPageTitleToPasteNameTitle" time="9.722" classname="com.epam.webdrivertasktesting.tests.CheckingBrowserTitleTest">
    <failure type="org.openqa.selenium.ElementClickInterceptedException" message="element click intercepted: Element &amp;lt;input type=&amp;quot;text&amp;quot; id=&amp;quot;postform-name&amp;quot; class=&amp;quot;form-control&amp;quot; name=&amp;quot;PostForm[name]&amp;quot; maxlength=&amp;quot;100&amp;quot;&amp;gt; is not clickable at point (386, 691). Other element would receive the click: &amp;lt;div id=&amp;quot;vi-smartbanner&amp;quot; data-id=&amp;quot;vi-smartbanner-unit&amp;quot; style=&amp;quot;position: fixed; z-index: 2147483646; transition: all 0.5s ease 0s; box-shadow: rgba(0, 0, 0, 0.6) 0px 0px 6px 0px; background-color: rgba(250, 250, 250, 0.8); text-align: center; width: 100%; height: 94px; left: 50%; padding-top: 4px; bottom: 0px; transform: translateX(-50%);&amp;quot;&amp;gt;...&amp;lt;/div&amp;gt;
  (Session info: chrome=96.0.4664.45)
Build info: version: &amp;apos;4.0.0-beta-3&amp;apos;, revision: &amp;apos;5d108f9a67&amp;apos;
System info: host: &amp;apos;SVETLA&amp;apos;, ip: &amp;apos;192.168.100.28&amp;apos;, os.name: &amp;apos;Windows 10&amp;apos;, os.arch: &amp;apos;amd64&amp;apos;, os.version: &amp;apos;10.0&amp;apos;, java.version: &amp;apos;1.8.0_181&amp;apos;
Driver info: org.openqa.selenium.chrome.ChromeDriver
Command: [1cfb80bc59dfadae30346840c9ed2556, clickElement {id=7e4d0384-05a2-4e12-b211-5d614715db90}]
Capabilities {acceptInsecureCerts: false, browserName: chrome, browserVersion: 96.0.4664.45, chrome: {chromedriverVersion: 96.0.4664.45 (76e4c1bb2ab46..., userDataDir: C:\Users\Svetla\AppData\Loc...}, goog:chromeOptions: {debuggerAddress: localhost:52931}, javascriptEnabled: true, networkConnectionEnabled: false, pageLoadStrategy: normal, platform: WINDOWS, platformName: WINDOWS, proxy: Proxy(), se:cdp: ws://localhost:52931/devtoo..., se:cdpVersion: 96.0.4664.45, setWindowRect: true, strictFileInteractability: false, timeouts: {implicit: 0, pageLoad: 300000, script: 30000}, unhandledPromptBehavior: dismiss and notify, webauthn:extension:credBlob: true, webauthn:extension:largeBlob: true, webauthn:virtualAuthenticators: true}
Element: [[ChromeDriver: chrome on WINDOWS (1cfb80bc59dfadae30346840c9ed2556)] -&amp;gt; xpath: //input[@id=&amp;apos;postform-name&amp;apos;]]
Session ID: 1cfb80bc59dfadae30346840c9ed2556">
      <![CDATA[org.openqa.selenium.ElementClickInterceptedException: element click intercepted: Element <input type="text" id="postform-name" class="form-control" name="PostForm[name]" maxlength="100"> is not clickable at point (386, 691). Other element would receive the click: <div id="vi-smartbanner" data-id="vi-smartbanner-unit" style="position: fixed; z-index: 2147483646; transition: all 0.5s ease 0s; box-shadow: rgba(0, 0, 0, 0.6) 0px 0px 6px 0px; background-color: rgba(250, 250, 250, 0.8); text-align: center; width: 100%; height: 94px; left: 50%; padding-top: 4px; bottom: 0px; transform: translateX(-50%);">...</div>
  (Session info: chrome=96.0.4664.45)
Build info: version: '4.0.0-beta-3', revision: '5d108f9a67'
System info: host: 'SVETLA', ip: '192.168.100.28', os.name: 'Windows 10', os.arch: 'amd64', os.version: '10.0', java.version: '1.8.0_181'
Driver info: org.openqa.selenium.chrome.ChromeDriver
Command: [1cfb80bc59dfadae30346840c9ed2556, clickElement {id=7e4d0384-05a2-4e12-b211-5d614715db90}]
Capabilities {acceptInsecureCerts: false, browserName: chrome, browserVersion: 96.0.4664.45, chrome: {chromedriverVersion: 96.0.4664.45 (76e4c1bb2ab46..., userDataDir: C:\Users\Svetla\AppData\Loc...}, goog:chromeOptions: {debuggerAddress: localhost:52931}, javascriptEnabled: true, networkConnectionEnabled: false, pageLoadStrategy: normal, platform: WINDOWS, platformName: WINDOWS, proxy: Proxy(), se:cdp: ws://localhost:52931/devtoo..., se:cdpVersion: 96.0.4664.45, setWindowRect: true, strictFileInteractability: false, timeouts: {implicit: 0, pageLoad: 300000, script: 30000}, unhandledPromptBehavior: dismiss and notify, webauthn:extension:credBlob: true, webauthn:extension:largeBlob: true, webauthn:virtualAuthenticators: true}
Element: [[ChromeDriver: chrome on WINDOWS (1cfb80bc59dfadae30346840c9ed2556)] -> xpath: //input[@id='postform-name']]
Session ID: 1cfb80bc59dfadae30346840c9ed2556
at org.openqa.selenium.remote.codec.w3c.W3CHttpResponseCodec.createException(W3CHttpResponseCodec.java:195)
at org.openqa.selenium.remote.codec.w3c.W3CHttpResponseCodec.decode(W3CHttpResponseCodec.java:128)
at org.openqa.selenium.remote.codec.w3c.W3CHttpResponseCodec.decode(W3CHttpResponseCodec.java:52)
at org.openqa.selenium.remote.HttpCommandExecutor.execute(HttpCommandExecutor.java:187)
at org.openqa.selenium.remote.service.DriverCommandExecutor.invokeExecute(DriverCommandExecutor.java:153)
at org.openqa.selenium.remote.service.DriverCommandExecutor.execute(DriverCommandExecutor.java:128)
at org.openqa.selenium.remote.RemoteWebDriver.execute(RemoteWebDriver.java:620)
at org.openqa.selenium.remote.RemoteWebElement.execute(RemoteWebElement.java:239)
at org.openqa.selenium.remote.RemoteWebElement.click(RemoteWebElement.java:77)
at com.epam.webdrivertasktesting.page.PastebinPage.pasteNameTitle(PastebinPage.java:88)
at com.epam.webdrivertasktesting.page.PastebinPage.createNewPaste(PastebinPage.java:102)
at com.epam.webdrivertasktesting.tests.CheckingBrowserTitleTest.verifyMatchingOfBrowserPageTitleToPasteNameTitle(CheckingBrowserTitleTest.java:19)
at java.util.ArrayList.forEach(ArrayList.java:1257)
... Removed 35 stack frames]]>
    </failure>
  </testcase> <!-- verifyMatchingOfBrowserPageTitleToPasteNameTitle -->
  <testcase name="verifySyntaxHighlighted" time="6.373" classname="com.epam.webdrivertasktesting.tests.CheckingSyntaxHighlighted">
    <failure type="org.openqa.selenium.NoSuchElementException" message="no such element: Unable to locate element: {&amp;quot;method&amp;quot;:&amp;quot;xpath&amp;quot;,&amp;quot;selector&amp;quot;:&amp;quot;//a[contains(text(),&amp;apos;Bash&amp;apos;)]&amp;quot;}
  (Session info: chrome=96.0.4664.45)
For documentation on this error, please visit: https://selenium.dev/exceptions/#no_such_element
Build info: version: &amp;apos;4.0.0-beta-3&amp;apos;, revision: &amp;apos;5d108f9a67&amp;apos;
System info: host: &amp;apos;SVETLA&amp;apos;, ip: &amp;apos;192.168.100.28&amp;apos;, os.name: &amp;apos;Windows 10&amp;apos;, os.arch: &amp;apos;amd64&amp;apos;, os.version: &amp;apos;10.0&amp;apos;, java.version: &amp;apos;1.8.0_181&amp;apos;
Driver info: org.openqa.selenium.chrome.ChromeDriver
Command: [e1c9e44d663751e4b524abdeca80ced8, findElement {using=xpath, value=//a[contains(text(),&amp;apos;Bash&amp;apos;)]}]
Capabilities {acceptInsecureCerts: false, browserName: chrome, browserVersion: 96.0.4664.45, chrome: {chromedriverVersion: 96.0.4664.45 (76e4c1bb2ab46..., userDataDir: C:\Users\Svetla\AppData\Loc...}, goog:chromeOptions: {debuggerAddress: localhost:53097}, javascriptEnabled: true, networkConnectionEnabled: false, pageLoadStrategy: normal, platform: WINDOWS, platformName: WINDOWS, proxy: Proxy(), se:cdp: ws://localhost:53097/devtoo..., se:cdpVersion: 96.0.4664.45, setWindowRect: true, strictFileInteractability: false, timeouts: {implicit: 0, pageLoad: 300000, script: 30000}, unhandledPromptBehavior: dismiss and notify, webauthn:extension:credBlob: true, webauthn:extension:largeBlob: true, webauthn:virtualAuthenticators: true}
Session ID: e1c9e44d663751e4b524abdeca80ced8">
      <![CDATA[org.openqa.selenium.NoSuchElementException: no such element: Unable to locate element: {"method":"xpath","selector":"//a[contains(text(),'Bash')]"}
  (Session info: chrome=96.0.4664.45)
For documentation on this error, please visit: https://selenium.dev/exceptions/#no_such_element
Build info: version: '4.0.0-beta-3', revision: '5d108f9a67'
System info: host: 'SVETLA', ip: '192.168.100.28', os.name: 'Windows 10', os.arch: 'amd64', os.version: '10.0', java.version: '1.8.0_181'
Driver info: org.openqa.selenium.chrome.ChromeDriver
Command: [e1c9e44d663751e4b524abdeca80ced8, findElement {using=xpath, value=//a[contains(text(),'Bash')]}]
Capabilities {acceptInsecureCerts: false, browserName: chrome, browserVersion: 96.0.4664.45, chrome: {chromedriverVersion: 96.0.4664.45 (76e4c1bb2ab46..., userDataDir: C:\Users\Svetla\AppData\Loc...}, goog:chromeOptions: {debuggerAddress: localhost:53097}, javascriptEnabled: true, networkConnectionEnabled: false, pageLoadStrategy: normal, platform: WINDOWS, platformName: WINDOWS, proxy: Proxy(), se:cdp: ws://localhost:53097/devtoo..., se:cdpVersion: 96.0.4664.45, setWindowRect: true, strictFileInteractability: false, timeouts: {implicit: 0, pageLoad: 300000, script: 30000}, unhandledPromptBehavior: dismiss and notify, webauthn:extension:credBlob: true, webauthn:extension:largeBlob: true, webauthn:virtualAuthenticators: true}
Session ID: e1c9e44d663751e4b524abdeca80ced8
at org.openqa.selenium.remote.codec.w3c.W3CHttpResponseCodec.createException(W3CHttpResponseCodec.java:195)
at org.openqa.selenium.remote.codec.w3c.W3CHttpResponseCodec.decode(W3CHttpResponseCodec.java:128)
at org.openqa.selenium.remote.codec.w3c.W3CHttpResponseCodec.decode(W3CHttpResponseCodec.java:52)
at org.openqa.selenium.remote.HttpCommandExecutor.execute(HttpCommandExecutor.java:187)
at org.openqa.selenium.remote.service.DriverCommandExecutor.invokeExecute(DriverCommandExecutor.java:153)
at org.openqa.selenium.remote.service.DriverCommandExecutor.execute(DriverCommandExecutor.java:128)
at org.openqa.selenium.remote.RemoteWebDriver.execute(RemoteWebDriver.java:620)
at org.openqa.selenium.remote.RemoteWebDriver$Mechanism$2.findElement(RemoteWebDriver.java:1259)
at org.openqa.selenium.remote.RemoteWebDriver.findElement(RemoteWebDriver.java:388)
at org.openqa.selenium.remote.RemoteWebDriver.findElement(RemoteWebDriver.java:382)
at com.epam.webdrivertasktesting.page.NewPasteSavedPage.getSyntaxHighlighted(NewPasteSavedPage.java:40)
at com.epam.webdrivertasktesting.tests.CheckingSyntaxHighlighted.verifySyntaxHighlighted(CheckingSyntaxHighlighted.java:21)
at java.util.ArrayList.forEach(ArrayList.java:1257)
... Removed 35 stack frames]]>
    </failure>
  </testcase> <!-- verifySyntaxHighlighted -->
</testsuite> <!-- All tests -->
